<?xml version="1.0" encoding="utf-8" standalone="no"?>
<!--This file represents the results of running a test suite-->
<test-results name="C:\Users\Admin\Desktop\RanorexFramework\RanorexTestFramework\build\RanorexTestFramework.dll" total="1" errors="0" failures="1" not-run="0" inconclusive="0" ignored="0" skipped="0" invalid="0" date="2014-11-28" time="17:17:27">
  <environment nunit-version="2.6.0.12051" clr-version="4.0.30319.18052" os-version="Microsoft Windows NT 6.1.7601 Service Pack 1" platform="Win32NT" cwd="C:\Users\Admin\Desktop\RanorexFramework\RanorexTestFramework" machine-name="SYS0013" user="Admin" user-domain="SYS0013" />
  <culture-info current-culture="en-IN" current-uiculture="en-US" />
  <test-suite type="Assembly" name="C:\Users\Admin\Desktop\RanorexFramework\RanorexTestFramework\build\RanorexTestFramework.dll" executed="True" result="Failure" success="False" time="80.601" asserts="0">
    <results>
      <test-suite type="Namespace" name="RanorexTestFramework" executed="True" result="Failure" success="False" time="80.591" asserts="0">
        <results>
          <test-suite type="Namespace" name="Testsuite" executed="True" result="Failure" success="False" time="80.590" asserts="0">
            <results>
              <test-suite type="TestFixture" name="ICGtest" executed="True" result="Failure" success="False" time="80.551" asserts="0">
                <results>
                  <test-case name="RanorexTestFramework.Testsuite.ICGtest.ICG002" executed="True" result="Failure" success="False" time="80.548" asserts="0">
                    <failure>
                      <message><![CDATA['Username Field' in 'Login' page is not Visible after waiting for 60 Seconds]]></message>
                      <stack-trace><![CDATA[at RanorexTestFramework.utilities.SafeActions.WaitAndFindelement(String identifier, String friendlyname, Int32 waitTimeInSec)
at RanorexTestFramework.utilities.SafeActions.SafeType(String identifier, String inputtext, String friendlyname, Int32 waitTimeInSec)
at RanorexTestFramework.PageParts.ICGLoginPage.PerformLogin(String _username, String _password)
at RanorexTestFramework.Testsuite.ICGtest.ICG002()
]]></stack-trace>
                    </failure>
                  </test-case>
                </results>
              </test-suite>
            </results>
          </test-suite>
        </results>
      </test-suite>
    </results>
  </test-suite>
</test-results>