<?xml version="1.0" encoding="utf-8" standalone="no"?>
<!--This file represents the results of running a test suite-->
<test-results name="C:\Users\Admin\Desktop\RanorexFramework\RanorexTestFramework\build\RanorexTestFramework.dll" total="1" errors="1" failures="0" not-run="0" inconclusive="0" ignored="0" skipped="0" invalid="0" date="2014-12-01" time="15:52:19">
  <environment nunit-version="2.6.0.12051" clr-version="4.0.30319.18052" os-version="Microsoft Windows NT 6.1.7601 Service Pack 1" platform="Win32NT" cwd="C:\Users\Admin\Desktop\RanorexFramework\RanorexTestFramework" machine-name="SYS0013" user="Admin" user-domain="SYS0013" />
  <culture-info current-culture="en-IN" current-uiculture="en-US" />
  <test-suite type="Assembly" name="C:\Users\Admin\Desktop\RanorexFramework\RanorexTestFramework\build\RanorexTestFramework.dll" executed="True" result="Failure" success="False" time="109.075" asserts="0">
    <results>
      <test-suite type="Namespace" name="RanorexTestFramework" executed="True" result="Failure" success="False" time="109.069" asserts="0">
        <results>
          <test-suite type="Namespace" name="Testsuite" executed="True" result="Failure" success="False" time="109.068" asserts="0">
            <results>
              <test-suite type="TestFixture" name="ICGtest" executed="True" result="Failure" success="False" time="109.061" asserts="0">
                <results>
                  <test-case name="RanorexTestFramework.Testsuite.ICGtest.ICG002" executed="True" result="Error" success="False" time="109.035" asserts="0">
                    <failure>
                      <message><![CDATA[System.ArgumentOutOfRangeException : Index was out of range. Must be non-negative and less than the size of the collection.
Parameter name: index]]></message>
                      <stack-trace><![CDATA[at System.ThrowHelper.ThrowArgumentOutOfRangeException()
at System.Collections.Generic.List`1.get_Item(Int32 index)
at RanorexTestFramework.utilities.SafeActions.SafeSelectoption(String identifier, String optiontext, String friendlyname, Int32 waitTimeInSec)
at RanorexTestFramework.PageParts.ICGHomePage.CreateNewQuote(String policyCarrierOption, String productOption, String effective_date)
at RanorexTestFramework.Testsuite.ICGtest.ICG002()
]]></stack-trace>
                    </failure>
                  </test-case>
                </results>
              </test-suite>
            </results>
          </test-suite>
        </results>
      </test-suite>
    </results>
  </test-suite>
</test-results>