<?xml version="1.0" encoding="utf-8" standalone="no"?>
<!--This file represents the results of running a test suite-->
<test-results name="C:\Users\Admin\Desktop\RanorexFramework\RanorexTestFramework\build\RanorexTestFramework.dll" total="2" errors="2" failures="0" not-run="0" inconclusive="0" ignored="0" skipped="0" invalid="0" date="2014-11-27" time="11:31:36">
  <environment nunit-version="2.6.0.12051" clr-version="4.0.30319.18052" os-version="Microsoft Windows NT 6.1.7601 Service Pack 1" platform="Win32NT" cwd="C:\Users\Admin\Desktop\RanorexFramework\RanorexTestFramework" machine-name="SYS0013" user="Admin" user-domain="SYS0013" />
  <culture-info current-culture="en-IN" current-uiculture="en-US" />
  <test-suite type="Assembly" name="C:\Users\Admin\Desktop\RanorexFramework\RanorexTestFramework\build\RanorexTestFramework.dll" executed="True" result="Failure" success="False" time="36.772" asserts="0">
    <results>
      <test-suite type="Namespace" name="RanorexTestFramework" executed="True" result="Failure" success="False" time="36.772" asserts="0">
        <results>
          <test-suite type="Namespace" name="Testsuite" executed="True" result="Failure" success="False" time="36.772" asserts="0">
            <results>
              <test-suite type="TestFixture" name="ICGtest" executed="True" result="Failure" success="False" time="36.761" asserts="0">
                <results>
                  <test-case name="RanorexTestFramework.Testsuite.ICGtest.ICG002" executed="True" result="Error" success="False" time="26.490" asserts="0">
                    <failure>
                      <message><![CDATA[SetUp : Ranorex unable to interact with browser
TearDown : System.NullReferenceException : Object reference not set to an instance of an object.]]></message>
                      <stack-trace><![CDATA[at RanorexTestFramework.Base.Baseclass.init()
at RanorexTestFramework.Testsuite.ICGtest.initialize()
--TearDown
at RanorexTestFramework.Testsuite.ICGtest.clean()
]]></stack-trace>
                    </failure>
                  </test-case>
                  <test-case name="RanorexTestFramework.Testsuite.ICGtest.ICGSearchTest_ViewQuoteDetails" executed="True" result="Error" success="False" time="10.270" asserts="0">
                    <failure>
                      <message><![CDATA[SetUp : Ranorex unable to interact with browser
TearDown : System.NullReferenceException : Object reference not set to an instance of an object.]]></message>
                      <stack-trace><![CDATA[at RanorexTestFramework.Base.Baseclass.init()
at RanorexTestFramework.Testsuite.ICGtest.initialize()
--TearDown
at RanorexTestFramework.Testsuite.ICGtest.clean()
]]></stack-trace>
                    </failure>
                  </test-case>
                </results>
              </test-suite>
            </results>
          </test-suite>
        </results>
      </test-suite>
    </results>
  </test-suite>
</test-results>